randtrack_1_50 17.75
randtrack_1_50 17.74
randtrack_1_50 17.74
randtrack_1_50 17.74
randtrack_1_50 17.75
randtrack_1_100 35.08
randtrack_1_100 35.07
randtrack_1_100 35.07
randtrack_1_100 35.08
randtrack_1_100 35.08
gl_1_50 19.23
gl_1_50 19.22
gl_1_50 19.23
gl_1_50 19.23
gl_1_50 19.23
tm_1_50 21.10
tm_1_50 21.10
tm_1_50 21.09
tm_1_50 21.10
tm_1_50 21.11
ll_1_50 20.91
ll_1_50 20.90
ll_1_50 20.91
ll_1_50 20.92
ll_1_50 20.89
el_1_50 19.36
el_1_50 19.36
el_1_50 19.36
el_1_50 19.36
el_1_50 19.35
gl_2_50 14.16
gl_2_50 14.23
gl_2_50 14.15
gl_2_50 14.19
gl_2_50 14.24
tm_2_50 21.29
tm_2_50 21.25
tm_2_50 21.44
tm_2_50 21.23
tm_2_50 21.28
ll_2_50 11.23
ll_2_50 11.22
ll_2_50 11.22
ll_2_50 11.22
ll_2_50 11.22
el_2_50 10.11
el_2_50 10.11
el_2_50 10.11
el_2_50 10.12
el_2_50 10.11
gl_4_50 23.07
gl_4_50 21.12
gl_4_50 21.94
gl_4_50 22.46
gl_4_50 21.46
tm_4_50 13.43
tm_4_50 13.06
tm_4_50 12.63
tm_4_50 13.79
tm_4_50 14.23
ll_4_50 7.25
ll_4_50 7.23
ll_4_50 7.20
ll_4_50 7.19
ll_4_50 7.23
el_4_50 6.16
el_4_50 6.20
el_4_50 6.17
el_4_50 6.16
el_4_50 6.16
gl_1_100 36.68
gl_1_100 36.67
gl_1_100 36.66
gl_1_100 36.68
gl_1_100 36.66
tm_1_100 38.16
tm_1_100 38.04
tm_1_100 38.15
tm_1_100 38.13
tm_1_100 38.05
ll_1_100 37.98
ll_1_100 37.97
ll_1_100 38.22
ll_1_100 37.98
ll_1_100 37.97
el_1_100 36.41
el_1_100 36.42
el_1_100 36.42
el_1_100 36.41
el_1_100 36.41
gl_2_100 22.33
gl_2_100 22.29
gl_2_100 22.28
gl_2_100 22.27
gl_2_100 22.34
tm_2_100 29.72
tm_2_100 29.82
tm_2_100 30.00
tm_2_100 29.81
tm_2_100 29.87
ll_2_100 19.83
ll_2_100 19.85
ll_2_100 19.83
ll_2_100 19.85
ll_2_100 19.85
el_2_100 18.66
el_2_100 18.67
el_2_100 18.67
el_2_100 18.68
el_2_100 18.67
gl_4_100 20.01
gl_4_100 22.79
gl_4_100 19.16
gl_4_100 20.77
gl_4_100 20.32
tm_4_100 16.87
tm_4_100 16.91
tm_4_100 17.43
tm_4_100 16.61
tm_4_100 16.13
ll_4_100 11.40
ll_4_100 11.42
ll_4_100 11.41
ll_4_100 10.62
ll_4_100 11.41
el_4_100 10.42
el_4_100 10.41
el_4_100 10.41
el_4_100 10.42
el_4_100 10.41
